Line 79: Class TabDlg.SSTab of control SSTab1 was not a loaded control class.
Line 85: The property name _ExtentX in SSTab1 is invalid.
Line 86: The property name _ExtentY in SSTab1 is invalid.
Line 87: The property name _Version in SSTab1 is invalid.
Line 88: The property name Tabs in SSTab1 is invalid.
Line 89: The property name TabsPerRow in SSTab1 is invalid.
Line 90: The property name TabHeight in SSTab1 is invalid.
Line 91: The property name WordWrap in SSTab1 is invalid.
Line 92: The property name TabCaption(0) in SSTab1 is invalid.
Line 93: The property name TabPicture(0) in SSTab1 is invalid.
Line 94: The property name Tab(0).ControlEnabled in SSTab1 is invalid.
Line 95: The property name Tab(0).Control(0) in SSTab1 is invalid.
Line 96: The property name Tab(0).Control(0).Enabled in SSTab1 is invalid.
Line 97: The property name Tab(0).Control(1) in SSTab1 is invalid.
Line 98: The property name Tab(0).Control(1).Enabled in SSTab1 is invalid.
Line 99: The property name Tab(0).Control(2) in SSTab1 is invalid.
Line 100: The property name Tab(0).Control(2).Enabled in SSTab1 is invalid.
Line 101: The property name Tab(0).ControlCount in SSTab1 is invalid.
Line 102: The property name TabCaption(1) in SSTab1 is invalid.
Line 103: The property name TabPicture(1) in SSTab1 is invalid.
Line 104: The property name Tab(1).ControlEnabled in SSTab1 is invalid.
Line 105: The property name Tab(1).ControlCount in SSTab1 is invalid.
Line 106: The property name TabCaption(2) in SSTab1 is invalid.
Line 107: The property name TabPicture(2) in SSTab1 is invalid.
Line 108: The property name Tab(2).ControlEnabled in SSTab1 is invalid.
Line 109: The property name Tab(2).ControlCount in SSTab1 is invalid.
Line 110: The property name TabCaption(3) in SSTab1 is invalid.
Line 111: The property name TabPicture(3) in SSTab1 is invalid.
Line 112: The property name Tab(3).ControlEnabled in SSTab1 is invalid.
Line 113: The property name Tab(3).ControlCount in SSTab1 is invalid.
